Number of jobs: 20
Length of jobs: 25, 25, 25, 25, 25, 25, 25, 25, 25, 25, 25, 25, 25, 25, 25, 25, 25, 25, 25, 25
 116: [unknown], unknown,    open, 'Ter',27    XP: []
 280: [unknown], unknown,    open, 'Ter',35    XP: []
 236: [unknown], unknown,    open, 'Ter',43    XP: []
 285: [unknown], unknown,    open, 'Ter',61    XP: []
 211:     [yes], unknown,    open, 'Ter',51    XP: []
      Two dogs are playing by a tree
      Two dogs are playing by a plant
 218:     [yes],     yes,  closed, 'Ter',11    XP: [isa(in@c1@girl,girl)]
 219:      [no], unknown,    open, 'Ter',34    XP: []
      There is no girl in white dancing
      A girl in white is dancing
 228: [unknown], unknown,    open, 'Ter',49    XP: []
 225: [unknown], unknown,    open, 'Ter',36    XP: []
 304: [unknown], unknown,    open, 'Ter',71    XP: []
 450: [unknown], unknown,    open, 'Ter',38    XP: []
 717:      [no], unknown,    open, 'Ter',31    XP: []
      A few men in a competition are running outside
      A few men in a competition are running indoors
 253:     [yes],     yes,  closed, 'Ter',34    XP: [int(joyful)]
 630:      [no],      no,  closed, 'Ter',4     XP: []
 105: [unknown], unknown,    open, 'Ter',49    XP: []
 185: [unknown], unknown,    open, 'Ter',72    XP: []
 651: [unknown], unknown,    open, 'Ter',49    XP: []
 718: [unknown], unknown,    open, 'Ter',58    XP: []
1102: [unknown], unknown,    open, 'Ter',31    XP: []
1170: [unknown], unknown,    open, 'Ter',33    XP: []
1487:      [no],      no,  closed, 'Ter',4     XP: []
 592:      [no], unknown,    open, 'Ter',112   XP: []
      A woman is taking off a cloak , which is very large , and revealing an extravagant dress
      A woman is putting on a cloak , which is very large , and concealing an extravagant dress
1881:     [yes],     yes,  closed, 'Ter',9     XP: []
 197: [unknown], unknown,    open, 'Ter',99    XP: []
 933: [unknown], unknown,    open, 'Ter',69    XP: []
 382: [unknown], unknown,    open, 'Lim',142   XP: []
2402: [unknown], unknown,    open, 'Ter',25    XP: []
   4:      [no],      no,  closed, 'Ter',27    XP: [int(young)]
1390: [unknown], unknown,    open, 'Ter',28    XP: []
 119: [unknown], unknown,    open, 'Lim',123   XP: []
 765: [unknown], unknown,    open, 'Ter',90    XP: []
 417: [unknown], unknown,    open, 'Ter',77    XP: []
 530: [unknown], unknown,    open, 'Ter',79    XP: []
  24: [unknown], unknown,    open, 'Ter',115   XP: []
 384:     [yes], unknown,    open, 'Lim',150   XP: []
      A white and tan dog is running through the tall and green grass
      A white and tan dog is running through a field
1190:     [yes], unknown,    open, 'Ter',146   XP: []
      A man and a woman are hiking through a wooded area
      A man and a woman are walking together through the woods
1232: [unknown], unknown,    open, 'Ter',27    XP: []
2704:     [yes],     yes,  closed, 'Ter',24    XP: []
1711: [unknown], unknown,    open, 'Ter',61    XP: []
1525: [unknown], unknown,    open, 'Ter',26    XP: []
 913:      [no],      no,  closed, 'Ter',8     XP: []
2089:      [no], unknown,    open, 'Ter',31    XP: []
      The man is denying an interview
      The man is granting an interview
2965: [unknown], unknown,    open, 'Ter',46    XP: []
2231: [unknown], unknown,    open, 'Ter',34    XP: []
2476:     [yes],     yes,  closed, 'Ter',4     XP: []
 647: [unknown], unknown,    open, 'Lim',127   XP: []
1469:      [no],      no,  closed, 'Ter',9     XP: [int(young)]
2566:     [yes],     yes,  closed, 'Ter',5     XP: []
 988: [unknown], unknown,    open, 'Lim',150   XP: []
 987:      [no],      no,  closed, 'Ter',19    XP: []
1333:     [yes],     yes,  closed, 'Ter',29    XP: [int(other)]
 687: [unknown], unknown,    open, 'Lim',135   XP: []
 402: [unknown], unknown,    open, 'Ter',71    XP: []
 619: [unknown], unknown,    open, 'Ter',123   XP: []
1412:     [yes], unknown,    open, 'Ter',41    XP: []
      Men are sawing logs
      Men are cutting wood
1503:      [no],      no,  closed, 'Ter',4     XP: []
1177: [unknown], unknown,    open, 'Ter',30    XP: []
 394: [unknown], unknown,    open, 'Ter',104   XP: []
1137: [unknown], unknown,    open, 'Ter',48    XP: []
1192:     [yes], unknown,    open, 'Lim',158   XP: []
      A man and a woman are walking together through the woods
      A man and a woman are walking through a wooded area
1410: [unknown], unknown,    open, 'Ter',38    XP: []
1493:     [yes],     yes,  closed, 'Ter',15    XP: [int(electric)]
1703:     [yes],     yes,  closed, 'Ter',19    XP: []
1470: [unknown], unknown,    open, 'Ter',33    XP: []
3322: [unknown], unknown,    open, 'Ter',68    XP: []
1964:     [yes],     yes,  closed, 'Ter',1     XP: []
1039: [unknown], unknown,    open, 'Ter',40    XP: []
1811: [unknown], unknown,    open, 'Ter',45    XP: []
2822: [unknown], unknown,    open, 'Ter',59    XP: []
1861: [unknown], unknown,    open, 'Ter',81    XP: []
1443: [unknown], unknown,    open, 'Ter',24    XP: []
1839:     [yes],     yes,  closed, 'Ter',11    XP: []
 816:     [yes], unknown,    open, 'Lim',158   XP: []
      A group of people is equipped with protective gear
      A group of people is equipped with gear used for protection
 698: [unknown], unknown,    open, 'Lim',137   XP: []
3174: [unknown], unknown,    open, 'Ter',34    XP: []
3670:     [yes], unknown,    open, 'Ter',43    XP: []
      It is raining on a walking man
      A man is walking in the rain
2404:      [no], unknown,    open, 'Ter',82    XP: []
      The lady is slicing a tomato
      There is no one cutting a tomato
3518: [unknown], unknown,    open, 'Ter',9     XP: []
1237: [unknown], unknown,    open, 'Ter',20    XP: []
3897:      [no],      no,  closed, 'Ter',8     XP: []
4006:     [yes], unknown,    open, 'Ter',31    XP: []
      A man is climbing a rope
      The man is climbing up a rope
2712:      [no],      no,  closed, 'Ter',8     XP: []
2362: [unknown], unknown,    open, 'Ter',68    XP: []
2726: [unknown], unknown,    open, 'Ter',116   XP: []
1847: [unknown], unknown,    open, 'Ter',57    XP: []
4321:      [no], unknown,    open, 'Ter',27    XP: []
      A man is drawing
      There is no man drawing
2662: [unknown], unknown,    open, 'Ter',19    XP: []
3002: [unknown], unknown,    open, 'Ter',26    XP: []
1506: [unknown], unknown,    open, 'Lim',115   XP: []
1608:      [no],      no,  closed, 'Ter',5     XP: []
2886:      [no],      no,  closed, 'Ter',4     XP: []
4140: [unknown], unknown,    open, 'Ter',46    XP: []
1178:      [no], unknown,    open, 'Ter',87    XP: []
      A woman is combing her hair
      There is no woman combing her hair
2229: [unknown], unknown,    open, 'Ter',115   XP: []
3398: [unknown], unknown,    open, 'Ter',24    XP: []
1495:     [yes], unknown,    open, 'Ter',29    XP: []
      A man is playing a guitar
      A man is strumming a guitar
2557:     [yes], unknown,    open, 'Ter',30    XP: []
      Someone is strumming the guitar
      Someone is playing the guitar
3747: [unknown], unknown,    open, 'Ter',32    XP: []
2130: [unknown], unknown,    open, 'Ter',38    XP: []
2812: [unknown], unknown,    open, 'Ter',13    XP: []
2001:     [yes],     yes,  closed, 'Ter',8     XP: []
2019: [unknown], unknown,    open, 'Lim',150   XP: []
 882: [unknown], unknown,    open, 'Lim',165   XP: []
4814: [unknown], unknown,    open, 'Ter',55    XP: []
 873: [unknown], unknown,    open, 'Lim',133   XP: []
 526: [unknown], unknown,    open, 'Lim',156   XP: []
2405:     [yes], unknown,    open, 'Ter',24    XP: []
      The lady is slicing a tomato
      Someone is cutting a tomato
2058:     [yes], unknown,    open, 'Ter',59    XP: []
      A lady is cutting up some meat precisely
      Some meat is being cut into pieces by a woman
4060: [unknown], unknown,    open, 'Ter',36    XP: []
2430:     [yes], unknown,    open, 'Ter',19    XP: []
      One man is running down the road
      A man is running
5110:     [yes], unknown,    open, 'Ter',27    XP: []
      A chef is preparing some food
      A chef is preparing a meal
2410: [unknown], unknown,    open, 'Ter',32    XP: []
1302: [unknown], unknown,    open, 'Ter',34    XP: []
1266:     [yes], unknown,    open, 'Ter',25    XP: []
      A band is playing on a stage
      A band is playing onstage
 860:     [yes], unknown,    open, 'Lim',173   XP: []
      One white dog and one black one are running side by side on the grass
      A dog , which has a black coat , and a white dog are running on the grass
2722:     [yes],     yes,  closed, 'Ter',5     XP: []
5799:     [yes],     yes,  closed, 'Ter',8     XP: []
2385: [unknown], unknown,    open, 'Lim',131   XP: []
3250:     [yes], unknown,    open, 'Ter',93    XP: []
      A woman is placing two eggs into a pot of water
      A woman is putting two eggs into a pot of water
2364:     [yes], unknown,    open, 'Lim',131   XP: []
      Some cameras are being burned by a person with a blow torch
      The person is setting fire to the cameras
Difference in Lemma Lexicons after normalization
2996: [unknown], unknown,    open, 'Ter',29    XP: []
2525: [unknown], unknown,    open, 'Ter',91    XP: []
2967:     [yes], unknown,    open, 'Lim',120   XP: []
      A large green ball is hitting a potato
      A large green colored ball is hitting a potato
3598:     [yes],     yes,  closed, 'Ter',15    XP: [int(floor)]
1877: [unknown], unknown,    open, 'Lim',141   XP: []
2392:      [no],      no,  closed, 'Ter',4     XP: []
3338:      [no],      no,  closed, 'Ter',8     XP: []
1690:     [yes],     yes,  closed, 'Ter',8     XP: []
3384:     [yes],     yes,  closed, 'Ter',8     XP: []
 317: [unknown], unknown,    open, 'Lim',200   XP: []
1676: [unknown], unknown,    open, 'Ter',47    XP: []
2679: [unknown], unknown,    open, 'Ter',55    XP: []
2721: [unknown], unknown,    open, 'Ter',49    XP: []
2221: [unknown], unknown,    open, 'Ter',31    XP: []
2766: [unknown], unknown,    open, 'Ter',43    XP: []
3733:     [yes], unknown,    open, 'Ter',27    XP: []
      Swimmers are racing in a lake
      Some racers are swimming in a lake
2687:      [no],      no,  closed, 'Ter',4     XP: []
4650:      [no],      no,  closed, 'Ter',25    XP: [int(thick)]
2366: [unknown], unknown,    open, 'Lim',132   XP: []
2932: [unknown], unknown,    open, 'Ter',27    XP: []
1241: [unknown], unknown,    open, 'Lim',121   XP: []
2972:      [no], unknown,    open, 'Ter',55    XP: []
      A large green ball is hitting a potato
      A big green ball is missing a potato
3143: [unknown], unknown,    open, 'Lim',121   XP: []
4054:     [yes],     yes,  closed, 'Ter',11    XP: []
2544: [unknown], unknown,    open, 'Ter',45    XP: []
4966:      [no],      no,  closed, 'Ter',8     XP: []
2720: [unknown], unknown,    open, 'Ter',103   XP: []
3680:      [no],      no,  closed, 'Ter',8     XP: []
3505: [unknown], unknown,    open, 'Ter',30    XP: []
 780: [unknown], unknown,    open, 'Ter',68    XP: []
4011:     [yes], unknown,    open, 'Ter',29    XP: []
      A man is climbing a rope
      A man is climbing up a rope
2166:     [yes], unknown,    open, 'Ter',58    XP: []
      A woman is sewing with a machine
      A woman is using a machine made for sewing
2936: [unknown], unknown,    open, 'Ter',86    XP: []
5498:     [yes], unknown,    open, 'Ter',27    XP: []
      A woman is cutting a lemon
      A woman is cutting fruit
2678:     [yes],     yes,  closed, 'Ter',17    XP: []
2968: [unknown], unknown,    open, 'Ter',46    XP: []
3364:     [yes],     yes,  closed, 'Ter',1     XP: []
4330:      [no], unknown,    open, 'Ter',34    XP: []
      The man is drawing
      There is no man drawing
2668: [unknown], unknown,    open, 'Ter',113   XP: []
3291: [unknown], unknown,    open, 'Ter',92    XP: []
3292: [unknown], unknown,    open, 'Ter',29    XP: []
1236:      [no], unknown,    open, 'Ter',28    XP: []
      A woman is dancing and singing alone
      A woman is dancing and singing with other women
4816:      [no],      no,  closed, 'Ter',8     XP: []
 520: [unknown], unknown,    open, 'Lim',200   XP: []
3711:      [no], unknown,    open, 'Ter',38    XP: []
      A toy train is striking a toy car
      A toy train is missing a toy car
5113:     [yes], unknown,    open, 'Ter',15    XP: []
      Two sumo ringers are fighting
      Two sumo wrestlers are fighting
4376: [unknown], unknown,    open, 'Ter',71    XP: []
2898:     [yes], unknown,    open, 'Ter',39    XP: []
      The man is lifting barbells
      The man is lifting weights
4015:     [yes], unknown,    open, 'Ter',26    XP: []
      The lady is picking up the kangaroo
      The woman is picking up the kangaroo
2911:      [no],      no,  closed, 'Ter',8     XP: []
3922:      [no],      no,  closed, 'Ter',4     XP: []
1584:     [yes], unknown,    open, 'Ter',43    XP: []
      A hole is being burrowed by the badger
      A badger is shrewdly digging the earth
6042: [unknown], unknown,    open, 'Ter',64    XP: []
5806:     [yes], unknown,    open, 'Ter',27    XP: []
      A man is rowing a canoe
      A man is rowing a boat
3258:      [no], unknown,    open, 'Ter',31    XP: []
      A man is playing the guitar
      Nobody is playing the guitar
3880:     [yes], unknown,    open, 'Ter',64    XP: []
      A man is dancing on the ceiling of a room
      The man is dancing upside-down on the ceiling
4342:     [yes], unknown,    open, 'Ter',27    XP: []
      A man is eating a banana
      A man is eating a fruit
3657:     [yes],     yes,  closed, 'Ter',25    XP: [isa(with@a@water@pitcher,pitcher)]
2535: [unknown], unknown,    open, 'Ter',61    XP: []
6203: [unknown], unknown,    open, 'Ter',81    XP: []
4164: [unknown], unknown,    open, 'Ter',54    XP: []
3661: [unknown], unknown,    open, 'Ter',59    XP: []
4823: [unknown], unknown,    open, 'Ter',26    XP: []
3996: [unknown], unknown,    open, 'Ter',28    XP: []
4135:     [yes], unknown,    open, 'Ter',35    XP: []
      A dog is bouncing on a trampoline
      A dog is jumping on a trampoline
2096: [unknown], unknown,    open, 'Ter',55    XP: []
4196: [unknown], unknown,    open, 'Ter',12    XP: []
4001:     [yes],     yes,  closed, 'Ter',7     XP: []
2795:     [yes], unknown,    open, 'Ter',109   XP: []
      A small guinea pig is gnawing and eating a piece of carrot on the floor
      A guinea pig is devouring a carrot
4638: [unknown], unknown,    open, 'Ter',33    XP: []
4776:      [no],      no,  closed, 'Ter',8     XP: []
2485: [unknown], unknown,    open, 'Ter',30    XP: []
4288:     [yes], unknown,    open, 'Ter',37    XP: []
      The woman is slicing cooked octopus
      A woman is chopping up an octopus
4411: [unknown], unknown,    open, 'Lim',125   XP: []
2791:     [yes],     yes,  closed, 'Ter',5     XP: []
5119: [unknown], unknown,    open, 'Ter',39    XP: []
5052: [unknown], unknown,    open, 'Ter',33    XP: []
4843:      [no],      no,  closed, 'Ter',8     XP: []
4963:     [yes], unknown,    open, 'Ter',41    XP: []
      Garlic is being chopped by a woman
      A woman is chopping garlic
4734:     [yes], unknown,    open, 'Ter',58    XP: []
      A man is fitting a silencer to a pistol
      A man is applying a silencer to a gun
4803:      [no],      no,  closed, 'Ter',8     XP: []
4851:     [yes],     yes,  closed, 'Ter',8     XP: []
 947:     [yes], unknown,    open, 'Lim',149   XP: []
      Some corndogs are being eaten by two toddlers who are in a wagon , which is really small
      Two toddlers are eating corndogs in a wagon , which is really small
2738: [unknown], unknown,    open, 'Ter',35    XP: []
5461: [unknown], unknown,    open, 'Ter',26    XP: []
1396: [unknown], unknown,    open, 'Ter',7     XP: []
3036:      [no],      no,  closed, 'Ter',8     XP: []
5030:     [yes], unknown,    open, 'Ter',44    XP: []
      The man is talking on the telephone
      The man is speaking on the telephone
3625:      [no],      no,  closed, 'Ter',8     XP: []
5745: [unknown], unknown,    open, 'Ter',35    XP: []
3420: [unknown], unknown,    open, 'Ter',35    XP: []
3061:      [no],      no,  closed, 'Ter',29    XP: []
5657: [unknown], unknown,    open, 'Ter',28    XP: []
3790:     [yes],     yes,  closed, 'Ter',1     XP: []
5203:     [yes], unknown,    open, 'Ter',75    XP: []
      The woman is putting pasta into a dish
      Pasta is being put into a dish by a woman
1628: [unknown], unknown,    open, 'Lim',166   XP: []
3433:     [yes],     yes,  closed, 'Ter',8     XP: []
5914:     [yes],     yes,  closed, 'Ter',8     XP: []
1754:     [yes],     yes,  closed, 'Ter',23    XP: [int(lovely)]
3275:     [yes], unknown,    open, 'Lim',137   XP: []
      A child is running in and out of the waves of the ocean
      A child is running in and out of the ocean waves
5206: [unknown], unknown,    open, 'Ter',61    XP: []
3812:     [yes],     yes,  closed, 'Ter',16    XP: []
5082: [unknown], unknown,    open, 'Ter',94    XP: []
 980: [unknown], unknown,    open, 'Lim',154   XP: []
2284:     [yes],     yes,  closed, 'Ter',7     XP: []
1400: [unknown], unknown,    open, 'Ter',10    XP: []
3626:     [yes],     yes,  closed, 'Ter',15    XP: []
3941:      [no], unknown,    open, 'Ter',113   XP: []
      A boy is looking at a calendar
      There is no boy checking a calendar
5920: [unknown], unknown,    open, 'Ter',30    XP: []
3123:      [no], unknown,    open, 'Lim',106   XP: []
      There is no woman using an eye pencil and applying eye liner to her eyelid
      A woman is applying cosmetics to her eyelid
2604:     [yes],     yes,  closed, 'Ter',8     XP: []
3982: [unknown], unknown,    open, 'Ter',29    XP: []
3501:     [yes],     yes,  closed, 'Ter',1     XP: []
5747: [unknown], unknown,    open, 'Ter',40    XP: []
6231: [unknown], unknown,    open, 'Ter',71    XP: []
6280:     [yes],     yes,  closed, 'Ter',5     XP: []
2829:     [yes], unknown,    open, 'Ter',35    XP: []
      The lady is penciling on eyeshadow
      The woman is penciling on eyeshadow
4187:      [no], unknown,    open, 'Ter',38    XP: []
      There is no dog playing with a toy
      A dog is eating a doll
1807: [unknown], unknown,    open, 'Ter',41    XP: []
4191: [unknown], unknown,    open, 'Ter',29    XP: []
6396: [unknown], unknown,    open, 'Lim',146   XP: []
3181: [unknown], unknown,    open, 'Ter',48    XP: []
3862: [unknown], unknown,    open, 'Ter',52    XP: []
2286:     [yes],     yes,  closed, 'Ter',7     XP: []
3373:     [yes], unknown,    open, 'Lim',119   XP: []
      A woman is riding a water scooter
      A woman is riding a scooter for water
Difference in Lemma Lexicons after normalization
4767:      [no],      no,  closed, 'Ter',8     XP: []
4066:     [yes], unknown,    open, 'Lim',132   XP: []
      The man is hurling knives at a tree
      The man is throwing knives at a tree
3721:     [yes],     yes,  closed, 'Ter',8     XP: []
2606: [unknown], unknown,    open, 'Ter',34    XP: []
4067: [unknown], unknown,    open, 'Ter',118   XP: []
4429: [unknown], unknown,    open, 'Ter',13    XP: []
4114:      [no], unknown,    open, 'Ter',37    XP: []
      There is no man eating food
      A man is eating a pizza
3536:     [yes], unknown,    open, 'Ter',57    XP: []
      Someone is cooking okra in a pan
      Okra is being cooked in a pan
5051:      [no],      no,  closed, 'Ter',8     XP: []
4614:      [no],      no,  closed, 'Ter',8     XP: []
4852:      [no],      no,  closed, 'Ter',4     XP: []
3909:     [yes],     yes,  closed, 'Ter',9     XP: []
5310:      [no],      no,  closed, 'Ter',8     XP: []
5706: [unknown], unknown,    open, 'Ter',29    XP: []
4477: [unknown], unknown,    open, 'Ter',32    XP: []
5924:      [no],      no,  closed, 'Ter',4     XP: []
3122:     [yes], unknown,    open, 'Lim',145   XP: []
      A woman is using a pencil for eyes and is applying eye liner to her eyelid
      A woman is applying cosmetics to her eyelid
2157: [unknown], unknown,    open, 'Ter',105   XP: []
4866: [unknown], unknown,    open, 'Ter',7     XP: []
6153: [unknown], unknown,    open, 'Lim',131   XP: []
6287:     [yes],     yes,  closed, 'Ter',2     XP: []
5349:     [yes],     yes,  closed, 'Ter',13    XP: [int(large)]
2527: [unknown], unknown,    open, 'Ter',33    XP: []
4155:      [no],      no,  closed, 'Ter',8     XP: []
6592: [unknown], unknown,    open, 'Ter',25    XP: []
6005: [unknown], unknown,    open, 'Lim',157   XP: []
6146:      [no],      no,  closed, 'Ter',5     XP: []
5904: [unknown], unknown,    open, 'Lim',172   XP: []
4661:     [yes], unknown,    open, 'Ter',29    XP: []
      A woman is slicing a potato
      A woman is cutting a potato
5930: [unknown], unknown,    open, 'Ter',23    XP: []
2842: [unknown], unknown,    open, 'Ter',64    XP: []
6625: [unknown], unknown,    open, 'Lim',164   XP: []
4983:     [yes],     yes,  closed, 'Ter',8     XP: []
6213: [unknown], unknown,    open, 'Lim',170   XP: []
3222:      [no],      no,  closed, 'Ter',8     XP: []
6590: [unknown], unknown,    open, 'Ter',30    XP: []
4934: [unknown], unknown,    open, 'Lim',120   XP: []
3586:     [yes], unknown,    open, 'Ter',30    XP: []
      A man is playing the drum
      A man is practicing the drum
7002: [unknown], unknown,    open, 'Ter',57    XP: []
6394: [unknown], unknown,    open, 'Ter',42    XP: []
5454:      [no],      no,  closed, 'Ter',4     XP: []
2772:     [yes], unknown,    open, 'Ter',50    XP: []
      A person is pouring oil for cooking into a pot
      A person is pouring cooking oil into a pot
3910: [unknown], unknown,    open, 'Ter',34    XP: []
6119: [unknown], unknown,    open, 'Lim',146   XP: []
4157:      [no],      no,  closed, 'Ter',8     XP: []
7464: [unknown], unknown,    open, 'Ter',29    XP: []
6709: [unknown], unknown,    open, 'Ter',102   XP: []
7018:     [yes],     yes,  closed, 'Ter',26    XP: [int(color),int(light),isa(in@c3@child,child)]
6315:     [yes],     yes,  closed, 'Ter',17    XP: [isa(very@sunny@day,day)]
3485: [unknown], unknown,    open, 'Ter',122   XP: []
4755: [unknown], unknown,    open, 'Lim',142   XP: []
6729: [unknown], unknown,    open, 'Ter',84    XP: []
5540: [unknown], unknown,    open, 'Lim',126   XP: []
6219:     [yes],     yes,  closed, 'Ter',25    XP: [isa(in@c3@boat,boat),isa(near@c1@sunset,sunset),isa(of@c2@front,front)]
6705:     [yes], unknown,    open, 'Lim',142   XP: []
      A child , who is small , is outdoors climbing steps outdoors in an area full of grass
      A small child is outdoors climbing steps in a grassy area
5047: [unknown], unknown,    open, 'Ter',28    XP: []
6158: [unknown], unknown,    open, 'Ter',112   XP: []
6634:     [yes], unknown,    open, 'Ter',137   XP: []
      A hurdle is being leapt by a horse that has a rider on its back
      A horse and its rider are leaping over a barrier
6001: [unknown], unknown,    open, 'Ter',82    XP: []
3861: [unknown], unknown,    open, 'Ter',42    XP: []
3107: [unknown], unknown,    open, 'Ter',61    XP: []
4707: [unknown], unknown,    open, 'Ter',71    XP: []
4086:      [no],      no,  closed, 'Ter',8     XP: []
6740: [unknown], unknown,    open, 'Ter',53    XP: []
4520:      [no],      no,  closed, 'Ter',8     XP: []
5698: [unknown], unknown,    open, 'Ter',57    XP: []
7093:     [yes],     yes,  closed, 'Ter',1     XP: []
7064:     [yes],     yes,  closed, 'Ter',16    XP: []
7743: [unknown], unknown,    open, 'Ter',70    XP: []
6649:     [yes], unknown,    open, 'Ter',66    XP: []
      Two teenage girls are wearing fancy dresses at an event
      Two girls in their teens are wearing fancy dresses at an event
5003:     [yes],     yes,  closed, 'Ter',18    XP: [int(big),int(plastic),isa(with@c2@(plastic@drawer),plastic@drawer)]
4916:     [yes], unknown,    open, 'Ter',64    XP: []
      A man is singing and playing a guitar
      A man is singing and playing a musical instrument
5588:     [yes],     yes,  closed, 'Ter',8     XP: []
3459: [unknown], unknown,    open, 'Ter',67    XP: []
6866: [unknown], unknown,    open, 'Ter',146   XP: []
5374:     [yes],     yes,  closed, 'Ter',8     XP: []
6971:      [no], unknown,    open, 'Lim',158   XP: []
      There is no man in a red uniform making a jump in a dirt bike race
      A man in a red uniform is making a jump in a dirt bike race
3855: [unknown], unknown,    open, 'Ter',43    XP: []
6849: [unknown], unknown,    open, 'Ter',129   XP: []
7027: [unknown], unknown,    open, 'Ter',139   XP: []
4079:     [yes],     yes,  closed, 'Ter',1     XP: []
7363: [unknown], unknown,    open, 'Ter',43    XP: []
5955: [unknown], unknown,    open, 'Ter',67    XP: []
7544: [unknown], unknown,    open, 'Ter',79    XP: []
4505:     [yes], unknown,    open, 'Ter',42    XP: []
      The doctors are healing a man
      The doctor is helping the patient
7356: [unknown], unknown,    open, 'Ter',48    XP: []
4031: [unknown], unknown,    open, 'Lim',200   XP: []
7649:      [no],      no,  closed, 'Ter',12    XP: []
8220: [unknown], unknown,    open, 'Lim',117   XP: []
6358:      [no],      no,  closed, 'Ter',10    XP: []
7938: [unknown], unknown,    open, 'Ter',45    XP: []
4891: [unknown], unknown,    open, 'Ter',45    XP: []
4360:     [yes], unknown,    open, 'Ter',27    XP: []
      A man is cutting a note
      A man is cutting a paper
7043: [unknown], unknown,    open, 'Ter',71    XP: []
7667:      [no],      no,  closed, 'Ter',29    XP: [int(at@(the@beach)),isa(of@c2@edge,edge)]
6544:      [no], unknown,    open, 'Lim',198   XP: []
      The ice hockey goalkeeper is wearing a yellow jersey and is defending the goal
      There is no hockey player in a yellow jersey guarding the goal
7448: [unknown], unknown,    open, 'Ter',100   XP: []
7088: [unknown], unknown,    open, 'Ter',131   XP: []
8122: [unknown], unknown,    open, 'Ter',35    XP: []
5352:      [no],      no,  closed, 'Ter',17    XP: [int(large)]
7533: [unknown], unknown,    open, 'Lim',140   XP: []
4831:      [no], unknown,    open, 'Ter',64    XP: []
      A man is slicing a potato into pieces
      A man is not cutting a potato
5148: [unknown], unknown,    open, 'Ter',42    XP: []
6131: [unknown], unknown,    open, 'Lim',136   XP: []
7734: [unknown], unknown,    open, 'Ter',60    XP: []
6784:      [no], unknown,    open, 'Lim',105   XP: []
      There is no man dressed in black wearing an elaborate black mask
      A man dressed in black is wearing an elaborate black mask
8548: [unknown], unknown,    open, 'Ter',57    XP: []
5909: [unknown], unknown,    open, 'Ter',50    XP: []
8660:     [yes], unknown,    open, 'Lim',148   XP: []
      A group of rollerbladers is lining up on the street
      A group of rollerbladers is lining up on the road
6047:     [yes], unknown,    open, 'Lim',184   XP: []
      A man and a woman are in a room painted beige , wearing dark colored shirts and a monitor is in the background
      A man and a woman are in a beige room , wearing dark colored shirts and a monitor is in the background
8383:     [yes], unknown,    open, 'Lim',130   XP: []
      A girl in blue is sliding down a green slide
      The young girl in blue is enjoying a slide
6078: [unknown], unknown,    open, 'Lim',145   XP: []
5938:     [yes], unknown,    open, 'Ter',75    XP: []
      Vegetables are being put into a pot by a man
      Someone is pouring ingredients into a pot
7932: [unknown], unknown,    open, 'Ter',60    XP: []
6598: [unknown], unknown,    open, 'Lim',200   XP: []
8832: [unknown], unknown,    open, 'Ter',51    XP: []
9014:      [no], unknown,    open, 'Ter',79    XP: []
      A blond child is going down a slide and throwing up his arms
      A child with dark hair is going down a slide and throwing up his arms
6482: [unknown], unknown,    open, 'Ter',42    XP: []
6450: [unknown], unknown,    open, 'Ter',73    XP: []
8212: [unknown], unknown,    open, 'Lim',138   XP: []
7214:      [no],      no,  closed, 'Ter',8     XP: []
6568: [unknown], unknown,    open, 'Lim',140   XP: []
7007: [unknown], unknown,    open, 'Lim',128   XP: []
7471:     [yes], unknown,    open, 'Lim',151   XP: []
      A man and two women in a dark room are sitting at a table with candles
      The group of people is sitting in a dim room
9211: [unknown], unknown,    open, 'Ter',74    XP: []
9102: [unknown], unknown,    open, 'Ter',107   XP: []
6932:     [yes], unknown,    open, 'Ter',68    XP: []
      The snowboarder is doing a flip over a mound of snow
      Somebody is jumping in the air on a board
6228: [unknown], unknown,    open, 'Ter',120   XP: []
8658: [unknown], unknown,    open, 'Lim',139   XP: []
7795:     [yes], unknown,    open, 'Ter',41    XP: []
      A tennis player is lunging to the left
      A tennis player is jumping to the left
6344: [unknown], unknown,    open, 'Lim',143   XP: []
7466:     [yes],     yes,  closed, 'Ter',19    XP: [int(dim)]
7319: [unknown], unknown,    open, 'Lim',164   XP: []
9584:     [yes], unknown,    open, 'Ter',68    XP: []
      The woman is holding the paintbrush next to the artist 's easel
      The lady is holding the paintbrush next to the artist 's easel
8057:     [yes], unknown,    open, 'Lim',179   XP: []
      A young girl is wearing a blue patterned swim suit , a black and yellow swim cap and has blue swimming goggles on her head
      A little girl is wearing a blue patterned swim suit , a black and yellow swim cap and has blue swimming goggles on the head
6955: [unknown], unknown,    open, 'Lim',200   XP: []
8362: [unknown], unknown,    open, 'Lim',138   XP: []
6330: [unknown], unknown,    open, 'Lim',142   XP: []
9963: [unknown], unknown,    open, 'Ter',32    XP: []
7475: [unknown], unknown,    open, 'Lim',153   XP: []
9093: [unknown], unknown,    open, 'Ter',44    XP: []
7394: [unknown], unknown,    open, 'Ter',61    XP: []
6961: [unknown], unknown,    open, 'Ter',75    XP: []
7410: [unknown], unknown,    open, 'Ter',44    XP: []
7541: [unknown], unknown,    open, 'Lim',201   XP: []
7445:     [yes], unknown,    open, 'Ter',51    XP: []
      The little girl is swinging and the woman is standing behind her
      The girl , who is little , is swinging and the woman is standing behind
8313: [unknown], unknown,    open, 'Ter',80    XP: []
7820: [unknown], unknown,    open, 'Ter',77    XP: []
8792: [unknown], unknown,    open, 'Ter',75    XP: []
9336: [unknown], unknown,    open, 'Lim',151   XP: []
8326:      [no],      no,  closed, 'Ter',8     XP: []
8714:     [yes],     yes,  closed, 'Ter',5     XP: []
7772:      [no], unknown,    open, 'Lim',130   XP: []
      A surfer is riding a big wave across dark green water
      The surfer is riding a small wave
6764: [unknown], unknown,    open, 'Lim',142   XP: []
9722: [unknown], unknown,    open, 'Ter',62    XP: []
6756:     [yes], unknown,    open, 'Lim',140   XP: []
      A large brown dog and a small grey dog are standing on a rocky surface
      A big brown dog and a small grey dog are standing on a rocky surface
8700: [unknown], unknown,    open, 'Ter',67    XP: []
7937: [unknown], unknown,    open, 'Lim',151   XP: []
7718:      [no],      no,  closed, 'Ter',8     XP: []
7590: [unknown], unknown,    open, 'Lim',138   XP: []
9136:     [yes], unknown,    open, 'Ter',61    XP: []
      A man in a black jersey is standing in a gym
      A man is standing in a gym and is wearing a jersey
9132:     [yes],     yes,  closed, 'Ter',5     XP: []
8505: [unknown], unknown,    open, 'Lim',144   XP: []
7726: [unknown], unknown,    open, 'Lim',178   XP: []
7311:     [yes], unknown,    open, 'Ter',72    XP: []
      A cigarette is being smoked by the man in the straw hat
      A man is wearing a straw hat and smoking a cigarette
9453: [unknown], unknown,    open, 'Ter',55    XP: []
8141: [unknown], unknown,    open, 'Ter',86    XP: []
9452: [unknown], unknown,    open, 'Ter',64    XP: []
9425:      [no], unknown,    open, 'Lim',109   XP: []
      No dog is in the sand that is blowing in the wind
      A dog is in a sandy area with the sand that is being stirred up into the air and several plants are in the background
7582:     [yes],     yes,  closed, 'Ter',16    XP: [isa(of@s@man@bunch,bunch)]
8263:      [no], unknown,    open, 'Lim',136   XP: []
      Some people and vehicles are on a crowded street
      Some people and vehicles are on a almost empty street
6673: [unknown], unknown,    open, 'Lim',157   XP: []
8678:     [yes], unknown,    open, 'Ter',29    XP: []
      A skateboarder is jumping off a ramp
      A skateboarder is making a jump off a ramp
8986:     [yes], unknown,    open, 'Ter',119   XP: []
      A young girl in a bikini is jumping on the beach
      A young girl in swimming suite is jumping on the beach
7951: [unknown], unknown,    open, 'Ter',53    XP: []
9424: [unknown], unknown,    open, 'Lim',156   XP: []
9788: [unknown], unknown,    open, 'Ter',53    XP: []
9838: [unknown], unknown,    open, 'Ter',94    XP: []
8193:      [no], unknown,    open, 'Lim',162   XP: []
      The adults and children are not gathered near an outdoor seating arrangement
      The adults and children are being gathered near an outdoor seating arrangement
9822: [unknown], unknown,    open, 'Ter',100   XP: []
7720: [unknown], unknown,    open, 'Lim',106   XP: []
9314: [unknown], unknown,    open, 'Ter',36    XP: []
7997: [unknown], unknown,    open, 'Lim',200   XP: []
7546:     [yes], unknown,    open, 'Lim',152   XP: []
      A young girl in a blue leotard is jumping in the air
      A young girl in a leotard colored in blue is jumping in the air
8633:     [yes], unknown,    open, 'Ter',64    XP: []
      A man is rock climbing , pausing and calculating the route
      A man is rock climbing , stopping and calculating the route
8500: [unknown], unknown,    open, 'Ter',31    XP: []
8163:     [yes], unknown,    open, 'Ter',66    XP: []
      Two people are driving a jeep and a lady is sitting on the top of it
      Two people are driving a jeep and a girl is sitting on the top of it
7947: [unknown], unknown,    open, 'Ter',46    XP: []
8632:      [no],      no,  closed, 'Ter',6     XP: []
6912: [unknown], unknown,    open, 'Lim',200   XP: []
8375: [unknown], unknown,    open, 'Lim',165   XP: []
9771: [unknown], unknown,    open, 'Ter',106   XP: []
8471:     [yes],     yes,  closed, 'Ter',40    XP: [int(old),int(with@(a@(grey@hair)))]
8806:     [yes], unknown,    open, 'Ter',45    XP: []
      A dog is swimming in a body of water
      An animal is swimming in a body of water
9056: [unknown], unknown,    open, 'Ter',70    XP: []
8576:     [yes], unknown,    open, 'Lim',173   XP: []
      A black dog and a small white and black dog are looking up at a kitchen countertop
      A large dog and a small dog are standing next to the kitchen counter and are investigating
9198: [unknown], unknown,    open, 'Lim',200   XP: []
7228: [unknown], unknown,    open, 'Lim',200   XP: []
9713:     [yes], unknown,    open, 'Ter',96    XP: []
      A black and white dog is carrying a huge stick on the green grass
      A black and white dog with a large branch is running in the field
8389: [unknown], unknown,    open, 'Ter',90    XP: []
8963: [unknown], unknown,    open, 'Ter',106   XP: []
9036: [unknown], unknown,    open, 'Ter',51    XP: []
9069:     [yes], unknown,    open, 'Lim',146   XP: []
      Two boys are laying in the ocean close to the beach
      Two boys are laying in the water close to the beach
9303:     [yes],     yes,  closed, 'Ter',1     XP: []
7548:     [yes],     yes,  closed, 'Ter',1     XP: []
8841: [unknown], unknown,    open, 'Ter',65    XP: []
9380: [unknown], unknown,    open, 'Ter',76    XP: []
7374: [unknown], unknown,    open, 'Lim',127   XP: []
9125: [unknown], unknown,    open, 'Lim',167   XP: []
9224: [unknown], unknown,    open, 'Ter',50    XP: []
7677:     [yes], unknown,    open, 'Ter',76    XP: []
      A young mother is playing with her boy in the park
      A young boy is playing in the park with his mother
9759: [unknown], unknown,    open, 'Ter',46    XP: []
7950: [unknown], unknown,    open, 'Ter',67    XP: []
8461: [unknown],      no,  closed, 'Ter',7     XP: [int(backwards)]
      A man with no hat is sitting on the ground
      A man with a backwards hat is sitting on the ground
9433:     [yes], unknown,    open, 'Ter',81    XP: []
      The black and white dog is running in a green yard
      A black and white dog is running outdoors
9623: [unknown], unknown,    open, 'Ter',80    XP: []
9545: [unknown], unknown,    open, 'Lim',149   XP: []
9706:      [no], unknown,    open, 'Ter',122   XP: []
      A black and white dog with a large branch is standing in the field
      A black and white dog with a large branch is running in the field
8938: [unknown], unknown,    open, 'Lim',174   XP: []
7044: [unknown], unknown,    open, 'Lim',200   XP: []
9401: [unknown], unknown,    open, 'Lim',170   XP: []
9880: [unknown], unknown,    open, 'Ter',27    XP: []
9763: [unknown], unknown,    open, 'Ter',27    XP: []
7477:     [yes], unknown,    open, 'Lim',200   XP: []
      A man in a white shirt and sunglasses and a man in a black shirt and sunglasses are sitting at a table with four bottles of beer
      A man in a white shirt and sunglasses and a man in a black shirt and sunglasses are sitting at a table with four beer bottles
9975: [unknown], unknown,    open, 'Ter',45    XP: []
9287: [unknown], unknown,    open, 'Ter',53    XP: []
8138:     [yes], unknown,    open, 'Lim',118   XP: []
      The girl has red hair and eyebrows , several piercings in a ear and a drawing on the back
      The girl has red hair and eyebrows , several piercings in a ear and a tattoo on the back
9789: [unknown], unknown,    open, 'Ter',98    XP: []
8855: [unknown], unknown,    open, 'Ter',128   XP: []
9200: [unknown], unknown,    open, 'Lim',150   XP: []
9371: [unknown], unknown,    open, 'Lim',165   XP: []
7501: [unknown], unknown,    open, 'Lim',119   XP: []
8558: [unknown], unknown,    open, 'Ter',130   XP: []
7889:     [yes],     yes,  closed, 'Ter',27    XP: [int(tennis)]
7877: [unknown], unknown,    open, 'Ter',109   XP: []
9747:     [yes], unknown,    open, 'Ter',115   XP: []
      A little boy is sticking his tongue out for the camera and another boy is looking on
      Two kids are looking up at the camera and one is sticking out his tongue
9677: [unknown], unknown,    open, 'Lim',133   XP: []
8334:     [yes], unknown,    open, 'Ter',54    XP: []
      A man is doing a trick on a skateboard
      A person is doing a trick on a skateboard
9029: [unknown], unknown,    open, 'Ter',75    XP: []
9571:     [yes], unknown,    open, 'Lim',137   XP: []
      An elder man is sitting on a bench and is wearing a gray jacket and black pants
      An elderly man is sitting on a bench
9359:     [yes], unknown,    open, 'Ter',50    XP: []
      A surfer is surfing a big wave
      A surfer is surfing a huge wave
9931: [unknown], unknown,    open, 'Ter',26    XP: []
8343:     [yes], unknown,    open, 'Lim',142   XP: []
      A man in a motocross uniform is wearing a helmet and rides a red motorcycle
      A person in a motocross uniform is wearing a helmet and rides a red motorcycle
9242: [unknown], unknown,    open, 'Lim',146   XP: []
9669:     [yes],     yes,  closed, 'Ter',1     XP: []
8786:     [yes], unknown,    open, 'Ter',67    XP: []
      A girl is skipping rope on a sidewalk
      A girl is skipping rope on near a street
8727:     [yes], unknown,    open, 'Lim',131   XP: []
      A group of people are standing around a sound mixing table
      Some people is looking at sound equipment
9745: [unknown], unknown,    open, 'Lim',152   XP: []
9988: [unknown], unknown,    open, 'Ter',51    XP: []
9188: [unknown], unknown,    open, 'Ter',61    XP: []
9169: [unknown], unknown,    open, 'Lim',142   XP: []
9500: [unknown], unknown,    open, 'Ter',125   XP: []
9869: [unknown], unknown,    open, 'Ter',38    XP: []
9490:      [no], unknown,    open, 'Lim',200   XP: []
      A cluster of four brown dogs are playing in a field of brown grass
      Four dogs are not playing in a grassy area
9843: [unknown], unknown,    open, 'Ter',54    XP: []
------------------------------------------------------ 
 Gold\Prover       YES       NO       UNK       DEF
------------------------------------------------------ 
 ENTAILMENT:       58        0      86 (26)      0 
------------------------------------------------------ 
 CONTRADICTION:     0       47       27 (9)      0 
------------------------------------------------------ 
 NEUTRAL:           0        1     281 (75)      0 
------------------------------------------------------ 
Total #problems:  500
Accuracy (pure):  0.77200    (0.77200)
Precision:        0.99057
Recall (pure):    0.48165    (0.48165)
------------ STATS -------------
Total #clTabperPrb:            106
Total #ruleApps for clTab:     1102
Average #ruleApps for clTab:   10.39623
